[    1157ms] [ERROR] Failed to load resource: the server responded with a status of 404 () @ https://dq-platform.pages.dev/favicon.ico:0
[    1327ms] [ERROR] Failed to load resource: the server responded with a status of 404 () @ https://data-quality-app-sc1z.onrender.com//config/public/display-timezone:0
[ 1633071ms] [ERROR] Failed to load resource: the server responded with a status of 404 () @ https://data-quality-app-sc1z.onrender.com//config/public/display-timezone:0
[ 1634322ms] [ERROR] Failed to load resource: the server responded with a status of 404 () @ https://dq-platform.pages.dev/rules/2e056172-27f8-4b75-b3cc-914477aec3d8/index.txt?_rsc=10k2l:0
[ 1634326ms] [ERROR] Failed to load resource: the server responded with a status of 404 () @ https://dq-platform.pages.dev/rules/61eda111-d8d0-4483-8293-2927836fe72b/index.txt?_rsc=10k2l:0
[ 1754620ms] [ERROR] Failed to load resource: the server responded with a status of 400 () @ https://data-quality-app-sc1z.onrender.com/rules/preview-sql:0
[ 2036257ms] [ERROR] Failed to load resource: the server responded with a status of 404 () @ https://data-quality-app-sc1z.onrender.com//config/public/display-timezone:0
[ 2037875ms] [ERROR] Failed to load resource: the server responded with a status of 404 () @ https://dq-platform.pages.dev/rules/2e056172-27f8-4b75-b3cc-914477aec3d8/index.txt?_rsc=10k2l:0
[ 2037876ms] [ERROR] Failed to load resource: the server responded with a status of 404 () @ https://dq-platform.pages.dev/rules/ad6ead59-2756-44f1-840e-fa22cac71b7e/index.txt?_rsc=10k2l:0
[ 2037879ms] [ERROR] Failed to load resource: the server responded with a status of 404 () @ https://dq-platform.pages.dev/rules/61eda111-d8d0-4483-8293-2927836fe72b/index.txt?_rsc=10k2l:0
[ 2103846ms] [ERROR] Failed to load resource: the server responded with a status of 404 () @ https://data-quality-app-sc1z.onrender.com//config/public/display-timezone:0
[25253608ms] [ERROR] Failed to load resource: the server responded with a status of 404 () @ https://data-quality-app-sc1z.onrender.com//config/public/display-timezone:0
[25715428ms] [ERROR] Failed to load resource: the server responded with a status of 404 () @ https://data-quality-app-sc1z.onrender.com//config/public/display-timezone:0
[26028386ms] [ERROR] Failed to load resource: the server responded with a status of 404 () @ https://data-quality-app-sc1z.onrender.com//config/public/display-timezone:0
[26032213ms] [ERROR] Access to XMLHttpRequest at 'https://data-quality-app-sc1z.onrender.com/catalog/facets' from origin 'https://dq-platform.pages.dev' has been blocked by CORS policy: No 'Access-Control-Allow-Origin' header is present on the requested resource. @ https://dq-platform.pages.dev/catalog/:0
[26032214ms] [ERROR] Failed to load resource: net::ERR_FAILED @ https://data-quality-app-sc1z.onrender.com/catalog/facets:0
[26033569ms] [ERROR] Failed to load resource: the server responded with a status of 404 () @ https://dq-platform.pages.dev/dashboard/tables/821d2a52-6214-46d2-aef1-243dfa572494/index.txt?_rsc=1vb4h:0
[26033571ms] [ERROR] Failed to load resource: the server responded with a status of 404 () @ https://dq-platform.pages.dev/dashboard/tables/f37d9ccb-474f-4e01-8278-c78b5c4895cb/index.txt?_rsc=1vb4h:0
[26033573ms] [ERROR] Failed to load resource: the server responded with a status of 404 () @ https://dq-platform.pages.dev/dashboard/tables/bd5895aa-3cda-403f-913b-2852e2debf55/index.txt?_rsc=1vb4h:0
[26033573ms] [ERROR] Failed to load resource: the server responded with a status of 404 () @ https://dq-platform.pages.dev/dashboard/tables/045cbf46-c466-46a1-bf63-415389157314/index.txt?_rsc=1vb4h:0
[26033573ms] [ERROR] Failed to load resource: the server responded with a status of 404 () @ https://dq-platform.pages.dev/dashboard/tables/0a171b51-0d44-44ec-b5de-c3bd5210f8cb/index.txt?_rsc=1vb4h:0
[26041317ms] [ERROR] Access to XMLHttpRequest at 'https://data-quality-app-sc1z.onrender.com/catalog/facets?certification=uncertified' from origin 'https://dq-platform.pages.dev' has been blocked by CORS policy: No 'Access-Control-Allow-Origin' header is present on the requested resource. @ https://dq-platform.pages.dev/catalog/?certification=uncertified:0
[26041318ms] [ERROR] Failed to load resource: net::ERR_FAILED @ https://data-quality-app-sc1z.onrender.com/catalog/facets?certification=uncertified:0
[26042813ms] [ERROR] Access to XMLHttpRequest at 'https://data-quality-app-sc1z.onrender.com/catalog/facets' from origin 'https://dq-platform.pages.dev' has been blocked by CORS policy: No 'Access-Control-Allow-Origin' header is present on the requested resource. @ https://dq-platform.pages.dev/catalog/:0
[26042813ms] [ERROR] Failed to load resource: net::ERR_FAILED @ https://data-quality-app-sc1z.onrender.com/catalog/facets:0
[26043531ms] [ERROR] Access to XMLHttpRequest at 'https://data-quality-app-sc1z.onrender.com/catalog/facets?certification=uncertified' from origin 'https://dq-platform.pages.dev' has been blocked by CORS policy: No 'Access-Control-Allow-Origin' header is present on the requested resource. @ https://dq-platform.pages.dev/catalog/?certification=uncertified:0
[26043531ms] [ERROR] Failed to load resource: net::ERR_FAILED @ https://data-quality-app-sc1z.onrender.com/catalog/facets?certification=uncertified:0
[26045290ms] [ERROR] Failed to load resource: the server responded with a status of 404 () @ https://dq-platform.pages.dev/dashboard/tables/515d52bf-1507-429b-8575-3943037e4a66/index.txt?_rsc=1vb4h:0
[26045291ms] [ERROR] Failed to load resource: the server responded with a status of 404 () @ https://dq-platform.pages.dev/dashboard/tables/1f219a71-54b3-4144-90a7-f88db44121c8/index.txt?_rsc=1vb4h:0
[26045460ms] [ERROR] Failed to load resource: the server responded with a status of 404 () @ https://dq-platform.pages.dev/dashboard/tables/dc7e0a53-e232-4575-8c8f-ad15abda17ca/index.txt?_rsc=1vb4h:0
[26047670ms] [ERROR] Failed to load resource: the server responded with a status of 404 () @ https://dq-platform.pages.dev/dashboard/tables/db770b60-0f2f-4e2d-a8e4-209e87b2be1c/index.txt?_rsc=1vb4h:0
[26047671ms] [ERROR] Failed to load resource: the server responded with a status of 404 () @ https://dq-platform.pages.dev/dashboard/tables/2dcb4ac3-362e-4ef1-b8c6-c7d245c80e30/index.txt?_rsc=1vb4h:0
[26047737ms] [ERROR] Failed to load resource: the server responded with a status of 404 () @ https://dq-platform.pages.dev/dashboard/tables/99eae76c-34b9-4bf3-8c7a-520deeb1f67f/index.txt?_rsc=1vb4h:0
[26050645ms] [WARNING] The resource https://dq-platform.pages.dev/_next/static/css/32df9a4d493f8b0f.css was preloaded using link preload but not used within a few seconds from the window's load event. Please make sure it has an appropriate `as` value and it is preloaded intentionally. @ https://dq-platform.pages.dev/catalog/?certification=uncertified:0
[26053425ms] [ERROR] Access to XMLHttpRequest at 'https://data-quality-app-sc1z.onrender.com/catalog/facets?type=asset&certification=uncertified' from origin 'https://dq-platform.pages.dev' has been blocked by CORS policy: No 'Access-Control-Allow-Origin' header is present on the requested resource. @ https://dq-platform.pages.dev/catalog/?type=asset&certification=uncertified:0
[26053425ms] [ERROR] Failed to load resource: net::ERR_FAILED @ https://data-quality-app-sc1z.onrender.com/catalog/facets?type=asset&certification=uncertified:0
[26057185ms] [WARNING] The resource https://dq-platform.pages.dev/_next/static/css/32df9a4d493f8b0f.css was preloaded using link preload but not used within a few seconds from the window's load event. Please make sure it has an appropriate `as` value and it is preloaded intentionally. @ https://dq-platform.pages.dev/catalog/?type=asset&certification=uncertified:0
[26062361ms] [ERROR] Failed to load resource: the server responded with a status of 404 () @ https://data-quality-app-sc1z.onrender.com//config/public/display-timezone:0
[26063897ms] [ERROR] Failed to load resource: the server responded with a status of 404 () @ https://dq-platform.pages.dev/dashboard/domains/4a9140ce-0f2e-4c62-af4d-1d256c35d86e/index.txt?_rsc=efadb:0
[26377411ms] [ERROR] Failed to load resource: the server responded with a status of 404 () @ https://dq-platform.pages.dev/rules/61eda111-d8d0-4483-8293-2927836fe72b/index.txt?_rsc=efadb:0
[26386014ms] [ERROR] Failed to load resource: the server responded with a status of 404 () @ https://data-quality-app-sc1z.onrender.com//config/public/display-timezone:0
[26386467ms] [ERROR] Failed to load resource: the server responded with a status of 404 () @ https://dq-platform.pages.dev/rules/ad6ead59-2756-44f1-840e-fa22cac71b7e/index.txt?_rsc=10k2l:0
[26386468ms] [ERROR] Failed to load resource: the server responded with a status of 404 () @ https://dq-platform.pages.dev/rules/2e056172-27f8-4b75-b3cc-914477aec3d8/index.txt?_rsc=10k2l:0
[26386473ms] [ERROR] Failed to load resource: the server responded with a status of 404 () @ https://dq-platform.pages.dev/rules/61eda111-d8d0-4483-8293-2927836fe72b/index.txt?_rsc=10k2l:0
[26769118ms] [ERROR] Failed to load resource: the server responded with a status of 404 () @ https://dq-platform.pages.dev/rules/ad6ead59-2756-44f1-840e-fa22cac71b7e/index.txt?_rsc=10k2l:0
[26769120ms] [ERROR] Failed to load resource: the server responded with a status of 404 () @ https://dq-platform.pages.dev/rules/61eda111-d8d0-4483-8293-2927836fe72b/index.txt?_rsc=10k2l:0
[28556802ms] [ERROR] Failed to load resource: the server responded with a status of 404 () @ https://dq-platform.pages.dev/rules/ad6ead59-2756-44f1-840e-fa22cac71b7e/index.txt?_rsc=10k2l:0
[28556812ms] [ERROR] Failed to load resource: the server responded with a status of 404 () @ https://dq-platform.pages.dev/rules/61eda111-d8d0-4483-8293-2927836fe72b/index.txt?_rsc=10k2l:0
