[    1222ms] [INFO] %cDownload the React DevTools for a better development experience: https://react.dev/link/react-devtools font-weight:bold @ webpack-internal:///(app-pages-browser)/./node_modules/next/dist/compiled/react-dom/cjs/react-dom-client.development.js:24650
[    2325ms] [ERROR] Access to XMLHttpRequest at 'http://localhost:8000/catalog/facets' from origin 'http://localhost:3000' has been blocked by CORS policy: No 'Access-Control-Allow-Origin' header is present on the requested resource. @ http://localhost:3000/catalog/:0
[    2326ms] [ERROR] Failed to load resource: net::ERR_FAILED @ http://localhost:8000/catalog/facets:0
[    2352ms] [ERROR] Access to XMLHttpRequest at 'http://localhost:8000/catalog/facets' from origin 'http://localhost:3000' has been blocked by CORS policy: No 'Access-Control-Allow-Origin' header is present on the requested resource. @ http://localhost:3000/catalog/:0
[    2353ms] [ERROR] Failed to load resource: net::ERR_FAILED @ http://localhost:8000/catalog/facets:0
[    7871ms] [INFO] %cDownload the React DevTools for a better development experience: https://react.dev/link/react-devtools font-weight:bold @ webpack-internal:///(app-pages-browser)/./node_modules/next/dist/compiled/react-dom/cjs/react-dom-client.development.js:24650
[    7995ms] [ERROR] Access to XMLHttpRequest at 'http://localhost:8000/catalog/facets' from origin 'http://localhost:3000' has been blocked by CORS policy: No 'Access-Control-Allow-Origin' header is present on the requested resource. @ http://localhost:3000/catalog/:0
[    7995ms] [ERROR] Failed to load resource: net::ERR_FAILED @ http://localhost:8000/catalog/facets:0
[    8025ms] [ERROR] Access to XMLHttpRequest at 'http://localhost:8000/catalog/facets' from origin 'http://localhost:3000' has been blocked by CORS policy: No 'Access-Control-Allow-Origin' header is present on the requested resource. @ http://localhost:3000/catalog/:0
[    8026ms] [ERROR] Failed to load resource: net::ERR_FAILED @ http://localhost:8000/catalog/facets:0
[   16205ms] [LOG] [Fast Refresh] rebuilding @ webpack-internal:///(app-pages-browser)/./node_modules/next/dist/client/components/react-dev-overlay/app/hot-reloader-client.js:240
[   17218ms] [LOG] [Fast Refresh] done in 1013ms @ webpack-internal:///(app-pages-browser)/./node_modules/next/dist/client/components/react-dev-overlay/app/hot-reloader-client.js:67
[   31519ms] [ERROR] Access to XMLHttpRequest at 'http://localhost:8000/catalog/facets' from origin 'http://localhost:3000' has been blocked by CORS policy: No 'Access-Control-Allow-Origin' header is present on the requested resource. @ http://localhost:3000/catalog/:0
[   31520ms] [ERROR] Failed to load resource: net::ERR_FAILED @ http://localhost:8000/catalog/facets:0
[   31536ms] [ERROR] Access to XMLHttpRequest at 'http://localhost:8000/catalog/facets' from origin 'http://localhost:3000' has been blocked by CORS policy: No 'Access-Control-Allow-Origin' header is present on the requested resource. @ http://localhost:3000/catalog/:0
[   31536ms] [ERROR] Failed to load resource: net::ERR_FAILED @ http://localhost:8000/catalog/facets:0
[   33874ms] [INFO] %cDownload the React DevTools for a better development experience: https://react.dev/link/react-devtools font-weight:bold @ webpack-internal:///(app-pages-browser)/./node_modules/next/dist/compiled/react-dom/cjs/react-dom-client.development.js:24650
[   34005ms] [ERROR] Access to XMLHttpRequest at 'http://localhost:8000/catalog/facets' from origin 'http://localhost:3000' has been blocked by CORS policy: No 'Access-Control-Allow-Origin' header is present on the requested resource. @ http://localhost:3000/catalog/:0
[   34006ms] [ERROR] Failed to load resource: net::ERR_FAILED @ http://localhost:8000/catalog/facets:0
[   34019ms] [ERROR] Access to XMLHttpRequest at 'http://localhost:8000/catalog/facets' from origin 'http://localhost:3000' has been blocked by CORS policy: No 'Access-Control-Allow-Origin' header is present on the requested resource. @ http://localhost:3000/catalog/:0
[   34019ms] [ERROR] Failed to load resource: net::ERR_FAILED @ http://localhost:8000/catalog/facets:0
[   64077ms] [INFO] %cDownload the React DevTools for a better development experience: https://react.dev/link/react-devtools font-weight:bold @ webpack-internal:///(app-pages-browser)/./node_modules/next/dist/compiled/react-dom/cjs/react-dom-client.development.js:24650
[   65497ms] [ERROR] Access to XMLHttpRequest at 'http://localhost:8000/catalog/facets' from origin 'http://localhost:3000' has been blocked by CORS policy: No 'Access-Control-Allow-Origin' header is present on the requested resource. @ http://localhost:3000/catalog/:0
[   65499ms] [ERROR] Failed to load resource: net::ERR_FAILED @ http://localhost:8000/catalog/facets:0
[   65519ms] [ERROR] Access to XMLHttpRequest at 'http://localhost:8000/catalog/facets' from origin 'http://localhost:3000' has been blocked by CORS policy: No 'Access-Control-Allow-Origin' header is present on the requested resource. @ http://localhost:3000/catalog/:0
[   65519ms] [ERROR] Failed to load resource: net::ERR_FAILED @ http://localhost:8000/catalog/facets:0
[   79823ms] [ERROR] Access to XMLHttpRequest at 'http://localhost:8000/catalog/facets?type=asset' from origin 'http://localhost:3000' has been blocked by CORS policy: No 'Access-Control-Allow-Origin' header is present on the requested resource. @ http://localhost:3000/catalog/?view=table&type=asset:0
[   79823ms] [ERROR] Failed to load resource: net::ERR_FAILED @ http://localhost:8000/catalog/facets?type=asset:0
[   86807ms] [ERROR] Access to XMLHttpRequest at 'http://localhost:8000/catalog/facets?type=glossary' from origin 'http://localhost:3000' has been blocked by CORS policy: No 'Access-Control-Allow-Origin' header is present on the requested resource. @ http://localhost:3000/catalog/?view=table&type=glossary:0
[   86807ms] [ERROR] Failed to load resource: net::ERR_FAILED @ http://localhost:8000/catalog/facets?type=glossary:0
[   91634ms] [ERROR] Access to XMLHttpRequest at 'http://localhost:8000/catalog/facets?type=data_product' from origin 'http://localhost:3000' has been blocked by CORS policy: No 'Access-Control-Allow-Origin' header is present on the requested resource. @ http://localhost:3000/catalog/?view=table&type=data_product:0
[   91634ms] [ERROR] Failed to load resource: net::ERR_FAILED @ http://localhost:8000/catalog/facets?type=data_product:0
[   96302ms] [ERROR] Access to XMLHttpRequest at 'http://localhost:8000/catalog/facets?type=glossary' from origin 'http://localhost:3000' has been blocked by CORS policy: No 'Access-Control-Allow-Origin' header is present on the requested resource. @ http://localhost:3000/catalog/?view=table&type=glossary:0
[   96302ms] [ERROR] Failed to load resource: net::ERR_FAILED @ http://localhost:8000/catalog/facets?type=glossary:0
[   97184ms] [ERROR] Access to XMLHttpRequest at 'http://localhost:8000/catalog/facets?type=asset' from origin 'http://localhost:3000' has been blocked by CORS policy: No 'Access-Control-Allow-Origin' header is present on the requested resource. @ http://localhost:3000/catalog/?view=table&type=asset:0
[   97184ms] [ERROR] Failed to load resource: net::ERR_FAILED @ http://localhost:8000/catalog/facets?type=asset:0
[   98464ms] [ERROR] Access to XMLHttpRequest at 'http://localhost:8000/catalog/facets' from origin 'http://localhost:3000' has been blocked by CORS policy: No 'Access-Control-Allow-Origin' header is present on the requested resource. @ http://localhost:3000/catalog/?view=table:0
[   98465ms] [ERROR] Failed to load resource: net::ERR_FAILED @ http://localhost:8000/catalog/facets:0
[  101629ms] [ERROR] Access to XMLHttpRequest at 'http://localhost:8000/catalog/facets?type=asset' from origin 'http://localhost:3000' has been blocked by CORS policy: No 'Access-Control-Allow-Origin' header is present on the requested resource. @ http://localhost:3000/catalog/?view=table&type=asset:0
[  101630ms] [ERROR] Failed to load resource: net::ERR_FAILED @ http://localhost:8000/catalog/facets?type=asset:0
[  203189ms] [INFO] %cDownload the React DevTools for a better development experience: https://react.dev/link/react-devtools font-weight:bold @ webpack-internal:///(app-pages-browser)/./node_modules/next/dist/compiled/react-dom/cjs/react-dom-client.development.js:24650
[  203612ms] [ERROR] Access to XMLHttpRequest at 'http://localhost:8000/catalog/facets?type=asset' from origin 'http://localhost:3000' has been blocked by CORS policy: No 'Access-Control-Allow-Origin' header is present on the requested resource. @ http://localhost:3000/catalog/?view=table&type=asset:0
[  203612ms] [ERROR] Failed to load resource: net::ERR_FAILED @ http://localhost:8000/catalog/facets?type=asset:0
[  203645ms] [ERROR] Access to XMLHttpRequest at 'http://localhost:8000/catalog/facets?type=asset' from origin 'http://localhost:3000' has been blocked by CORS policy: No 'Access-Control-Allow-Origin' header is present on the requested resource. @ http://localhost:3000/catalog/?view=table&type=asset:0
[  203646ms] [ERROR] Failed to load resource: net::ERR_FAILED @ http://localhost:8000/catalog/facets?type=asset:0
[  261620ms] [ERROR] Access to XMLHttpRequest at 'http://localhost:8000/catalog/facets' from origin 'http://localhost:3000' has been blocked by CORS policy: No 'Access-Control-Allow-Origin' header is present on the requested resource. @ http://localhost:3000/catalog/?view=table:0
[  261621ms] [ERROR] Failed to load resource: net::ERR_FAILED @ http://localhost:8000/catalog/facets:0
[  262819ms] [ERROR] Access to XMLHttpRequest at 'http://localhost:8000/catalog/facets?type=asset' from origin 'http://localhost:3000' has been blocked by CORS policy: No 'Access-Control-Allow-Origin' header is present on the requested resource. @ http://localhost:3000/catalog/?view=table&type=asset:0
[  262819ms] [ERROR] Failed to load resource: net::ERR_FAILED @ http://localhost:8000/catalog/facets?type=asset:0
[  263435ms] [ERROR] Access to XMLHttpRequest at 'http://localhost:8000/catalog/facets?type=glossary' from origin 'http://localhost:3000' has been blocked by CORS policy: No 'Access-Control-Allow-Origin' header is present on the requested resource. @ http://localhost:3000/catalog/?view=table&type=glossary:0
[  263435ms] [ERROR] Failed to load resource: net::ERR_FAILED @ http://localhost:8000/catalog/facets?type=glossary:0
[  267633ms] [ERROR] Access to XMLHttpRequest at 'http://localhost:8000/catalog/facets?type=data_product' from origin 'http://localhost:3000' has been blocked by CORS policy: No 'Access-Control-Allow-Origin' header is present on the requested resource. @ http://localhost:3000/catalog/?view=table&type=data_product:0
[  267633ms] [ERROR] Failed to load resource: net::ERR_FAILED @ http://localhost:8000/catalog/facets?type=data_product:0
[  315621ms] [LOG] [Fast Refresh] rebuilding @ webpack-internal:///(app-pages-browser)/./node_modules/next/dist/client/components/react-dev-overlay/app/hot-reloader-client.js:240
[  316921ms] [LOG] [Fast Refresh] rebuilding @ webpack-internal:///(app-pages-browser)/./node_modules/next/dist/client/components/react-dev-overlay/app/hot-reloader-client.js:240
[  316937ms] [LOG] [Fast Refresh] done in 16ms @ webpack-internal:///(app-pages-browser)/./node_modules/next/dist/client/components/react-dev-overlay/app/hot-reloader-client.js:67
[  317498ms] [LOG] [Fast Refresh] done in 577ms @ webpack-internal:///(app-pages-browser)/./node_modules/next/dist/client/components/react-dev-overlay/app/hot-reloader-client.js:67
