[    1719ms] [INFO] %cDownload the React DevTools for a better development experience: https://react.dev/link/react-devtools font-weight:bold @ webpack-internal:///(app-pages-browser)/./node_modules/next/dist/compiled/react-dom/cjs/react-dom-client.development.js:24650
[    4151ms] [ERROR] Access to XMLHttpRequest at 'http://localhost:8000/catalog/facets' from origin 'http://localhost:3000' has been blocked by CORS policy: No 'Access-Control-Allow-Origin' header is present on the requested resource. @ http://localhost:3000/catalog/:0
[    4153ms] [ERROR] Failed to load resource: net::ERR_FAILED @ http://localhost:8000/catalog/facets:0
[    4169ms] [ERROR] Access to XMLHttpRequest at 'http://localhost:8000/catalog/facets' from origin 'http://localhost:3000' has been blocked by CORS policy: No 'Access-Control-Allow-Origin' header is present on the requested resource. @ http://localhost:3000/catalog/:0
[    4169ms] [ERROR] Failed to load resource: net::ERR_FAILED @ http://localhost:8000/catalog/facets:0
[   18465ms] [INFO] %cDownload the React DevTools for a better development experience: https://react.dev/link/react-devtools font-weight:bold @ webpack-internal:///(app-pages-browser)/./node_modules/next/dist/compiled/react-dom/cjs/react-dom-client.development.js:24650
[   18655ms] [ERROR] Access to XMLHttpRequest at 'http://localhost:8000/catalog/facets' from origin 'http://localhost:3000' has been blocked by CORS policy: No 'Access-Control-Allow-Origin' header is present on the requested resource. @ http://localhost:3000/catalog/:0
[   18656ms] [ERROR] Failed to load resource: net::ERR_FAILED @ http://localhost:8000/catalog/facets:0
[   18669ms] [ERROR] Access to XMLHttpRequest at 'http://localhost:8000/catalog/facets' from origin 'http://localhost:3000' has been blocked by CORS policy: No 'Access-Control-Allow-Origin' header is present on the requested resource. @ http://localhost:3000/catalog/:0
[   18669ms] [ERROR] Failed to load resource: net::ERR_FAILED @ http://localhost:8000/catalog/facets:0
[   99779ms] [INFO] %cDownload the React DevTools for a better development experience: https://react.dev/link/react-devtools font-weight:bold @ webpack-internal:///(app-pages-browser)/./node_modules/next/dist/compiled/react-dom/cjs/react-dom-client.development.js:24650
[   99961ms] [ERROR] Access to XMLHttpRequest at 'http://localhost:8000/catalog/facets' from origin 'http://localhost:3000' has been blocked by CORS policy: No 'Access-Control-Allow-Origin' header is present on the requested resource. @ http://localhost:3000/catalog/:0
[   99961ms] [ERROR] Failed to load resource: net::ERR_FAILED @ http://localhost:8000/catalog/facets:0
[   99972ms] [ERROR] Access to XMLHttpRequest at 'http://localhost:8000/catalog/facets' from origin 'http://localhost:3000' has been blocked by CORS policy: No 'Access-Control-Allow-Origin' header is present on the requested resource. @ http://localhost:3000/catalog/:0
[   99972ms] [ERROR] Failed to load resource: net::ERR_FAILED @ http://localhost:8000/catalog/facets:0
[  103947ms] [LOG] [Fast Refresh] rebuilding @ webpack-internal:///(app-pages-browser)/./node_modules/next/dist/client/components/react-dev-overlay/app/hot-reloader-client.js:240
[  106406ms] [LOG] [Fast Refresh] done in 2459ms @ webpack-internal:///(app-pages-browser)/./node_modules/next/dist/client/components/react-dev-overlay/app/hot-reloader-client.js:67
[ 2912157ms] [ERROR] %o

%s TypeError: Cannot read properties of undefined (reading 'call')
    at options.factory (http://localhost:3000/_next/static/chunks/webpack.js?v=1779146982101:712:31)
    at __webpack_require__ (http://localhost:3000/_next/static/chunks/webpack.js?v=1779146982101:37:33)
    at fn (http://localhost:3000/_next/static/chunks/webpack.js?v=1779146982101:369:21)
    at requireModule (webpack-internal:///(app-pages-browser)/./node_modules/next/dist/compiled/react-server-dom-webpack/cjs/react-server-dom-webpack-client.browser.development.js:111:27)
    at initializeModuleChunk (webpack-internal:///(app-pages-browser)/./node_modules/next/dist/compiled/react-server-dom-webpack/cjs/react-server-dom-webpack-client.browser.development.js:1058:21)
    at getOutlinedModel (webpack-internal:///(app-pages-browser)/./node_modules/next/dist/compiled/react-server-dom-webpack/cjs/react-server-dom-webpack-client.browser.development.js:1264:11)
    at parseModelString (webpack-internal:///(app-pages-browser)/./node_modules/next/dist/compiled/react-server-dom-webpack/cjs/react-server-dom-webpack-client.browser.development.js:1474:15)
    at Object.eval (webpack-internal:///(app-pages-browser)/./node_modules/next/dist/compiled/react-server-dom-webpack/cjs/react-server-dom-webpack-client.browser.development.js:2119:18)
    at JSON.parse (<anonymous>)
    at initializeModelChunk (webpack-internal:///(app-pages-browser)/./node_modules/next/dist/compiled/react-server-dom-webpack/cjs/react-server-dom-webpack-client.browser.development.js:1034:26)
    at getOutlinedModel (webpack-internal:///(app-pages-browser)/./node_modules/next/dist/compiled/react-server-dom-webpack/cjs/react-server-dom-webpack-client.browser.development.js:1261:11)
    at parseModelString (webpack-internal:///(app-pages-browser)/./node_modules/next/dist/compiled/react-server-dom-webpack/cjs/react-server-dom-webpack-client.browser.development.js:1474:15)
    at Object.eval (webpack-internal:///(app-pages-browser)/./node_modules/next/dist/compiled/react-server-dom-webpack/cjs/react-server-dom-webpack-client.browser.development.js:2119:18)
    at JSON.parse (<anonymous>)
    at initializeModelChunk (webpack-internal:///(app-pages-browser)/./node_modules/next/dist/compiled/react-server-dom-webpack/cjs/react-server-dom-webpack-client.browser.development.js:1034:26)
    at processFullStringRow (webpack-internal:///(app-pages-browser)/./node_modules/next/dist/compiled/react-server-dom-webpack/cjs/react-server-dom-webpack-client.browser.development.js:2084:11)
    at processFullBinaryRow (webpack-internal:///(app-pages-browser)/./node_modules/next/dist/compiled/react-server-dom-webpack/cjs/react-server-dom-webpack-client.browser.development.js:2059:7)
    at progress (webpack-internal:///(app-pages-browser)/./node_modules/next/dist/compiled/react-server-dom-webpack/cjs/react-server-dom-webpack-client.browser.development.js:2262:17) The above error occurred in the <Lazy> component. It was handled by the <ReactDevOverlay> error boundary. @ webpack-internal:///(app-pages-browser)/./node_modules/next/dist/client/react-client-callbacks/app-router.js:52
[ 2912418ms] [ERROR] Failed to load resource: the server responded with a status of 500 (Internal Server Error) @ http://localhost:3000/__nextjs_original-stack-frame?isServer=false&isEdgeServer=false&isAppDirectory=true&errorMessage=TypeError%3A+Cannot+read+properties+of+undefined+%28reading+%27call%27%29&file=file%3A%2F%2F%2FUsers%2Flaxmansrigiri%2Fgit_repo%2Fdata-quality-app%2Ffrontend%2F.next%2Fstatic%2Fchunks%2Fwebpack.js%3Fv%3D1779146982101&methodName=options.factory&arguments=&lineNumber=712&column=31:0
[ 2912433ms] [ERROR] Failed to load resource: the server responded with a status of 500 (Internal Server Error) @ http://localhost:3000/__nextjs_original-stack-frame?isServer=false&isEdgeServer=false&isAppDirectory=true&errorMessage=TypeError%3A+Cannot+read+properties+of+undefined+%28reading+%27call%27%29&file=file%3A%2F%2F%2FUsers%2Flaxmansrigiri%2Fgit_repo%2Fdata-quality-app%2Ffrontend%2F.next%2Fstatic%2Fchunks%2Fwebpack.js%3Fv%3D1779146982101&methodName=__webpack_require__&arguments=&lineNumber=37&column=33:0
[ 2912443ms] [ERROR] Failed to load resource: the server responded with a status of 500 (Internal Server Error) @ http://localhost:3000/__nextjs_original-stack-frame?isServer=false&isEdgeServer=false&isAppDirectory=true&errorMessage=TypeError%3A+Cannot+read+properties+of+undefined+%28reading+%27call%27%29&file=file%3A%2F%2F%2FUsers%2Flaxmansrigiri%2Fgit_repo%2Fdata-quality-app%2Ffrontend%2F.next%2Fstatic%2Fchunks%2Fwebpack.js%3Fv%3D1779146982101&methodName=fn&arguments=&lineNumber=369&column=21:0
[ 2912480ms] [ERROR] Failed to load resource: the server responded with a status of 500 (Internal Server Error) @ http://localhost:3000/__nextjs_original-stack-frame?isServer=false&isEdgeServer=false&isAppDirectory=true&errorMessage=TypeError%3A+Cannot+read+properties+of+undefined+%28reading+%27call%27%29&file=file%3A%2F%2F%2FUsers%2Flaxmansrigiri%2Fgit_repo%2Fdata-quality-app%2Ffrontend%2F.next%2Fstatic%2Fchunks%2Fwebpack.js%3Fv%3D1779146982101&methodName=__webpack_require__&arguments=&lineNumber=37&column=33:0
[ 2912494ms] [ERROR] Failed to load resource: the server responded with a status of 500 (Internal Server Error) @ http://localhost:3000/__nextjs_original-stack-frame?isServer=false&isEdgeServer=false&isAppDirectory=true&errorMessage=TypeError%3A+Cannot+read+properties+of+undefined+%28reading+%27call%27%29&file=file%3A%2F%2F%2FUsers%2Flaxmansrigiri%2Fgit_repo%2Fdata-quality-app%2Ffrontend%2F.next%2Fstatic%2Fchunks%2Fwebpack.js%3Fv%3D1779146982101&methodName=fn&arguments=&lineNumber=369&column=21:0
[ 2912505ms] [ERROR] Failed to load resource: the server responded with a status of 500 (Internal Server Error) @ http://localhost:3000/__nextjs_original-stack-frame?isServer=false&isEdgeServer=false&isAppDirectory=true&errorMessage=TypeError%3A+Cannot+read+properties+of+undefined+%28reading+%27call%27%29&file=file%3A%2F%2F%2FUsers%2Flaxmansrigiri%2Fgit_repo%2Fdata-quality-app%2Ffrontend%2F.next%2Fstatic%2Fchunks%2Fwebpack.js%3Fv%3D1779146982101&methodName=options.factory&arguments=&lineNumber=712&column=31:0
[ 2949795ms] [LOG] [Fast Refresh] rebuilding @ webpack-internal:///(app-pages-browser)/./node_modules/next/dist/client/components/react-dev-overlay/app/hot-reloader-client.js:240
[ 2950654ms] [WARNING] [Fast Refresh] performing full reload because your application had an unrecoverable error @ webpack-internal:///(app-pages-browser)/./node_modules/next/dist/client/components/react-dev-overlay/app/hot-reloader-client.js:140
[ 2955016ms] [ERROR] Failed to load resource: the server responded with a status of 404 (Not Found) @ http://localhost:3000/_next/static/css/app/layout.css?v=1779149836335:0
[ 2955018ms] [ERROR] Failed to load resource: the server responded with a status of 404 (Not Found) @ http://localhost:3000/_next/static/css/app/dashboard/tables/%5BassetId%5D/page.css?v=1779149836335:0
[ 2955088ms] [ERROR] Failed to load resource: the server responded with a status of 404 (Not Found) @ http://localhost:3000/_next/static/chunks/app/layout.js:0
[ 2955088ms] [ERROR] Failed to load resource: the server responded with a status of 404 (Not Found) @ http://localhost:3000/_next/static/chunks/app/dashboard/tables/%5BassetId%5D/page.js:0
[ 2955088ms] [ERROR] Failed to load resource: the server responded with a status of 404 (Not Found) @ http://localhost:3000/_next/static/chunks/main-app.js?v=1779149836335:0
[ 2955089ms] [ERROR] Failed to load resource: the server responded with a status of 404 (Not Found) @ http://localhost:3000/_next/static/chunks/app-pages-internals.js:0
[ 2958092ms] [WARNING] The resource http://localhost:3000/_next/static/css/app/dashboard/tables/%5BassetId%5D/page.css?v=1779149836335 was preloaded using link preload but not used within a few seconds from the window's load event. Please make sure it has an appropriate `as` value and it is preloaded intentionally. @ http://localhost:3000/dashboard/tables/515d52bf-1507-429b-8575-3943037e4a66/:0
[ 2959269ms] [ERROR] Failed to load resource: the server responded with a status of 404 (Not Found) @ http://localhost:3000/_next/static/css/app/layout.css?v=1779149841729:0
[ 2959292ms] [ERROR] Failed to load resource: the server responded with a status of 404 (Not Found) @ http://localhost:3000/_next/static/chunks/app/layout.js:0
[ 2959292ms] [ERROR] Failed to load resource: the server responded with a status of 404 (Not Found) @ http://localhost:3000/_next/static/chunks/app-pages-internals.js:0
[ 2959293ms] [ERROR] Failed to load resource: the server responded with a status of 404 (Not Found) @ http://localhost:3000/_next/static/chunks/main-app.js?v=1779149841729:0
[ 3067367ms] [ERROR] Failed to load resource: the server responded with a status of 404 (Not Found) @ http://localhost:3000/_next/static/css/app/layout.css?v=1779149949840:0
[ 3067396ms] [ERROR] Failed to load resource: the server responded with a status of 404 (Not Found) @ http://localhost:3000/_next/static/chunks/main-app.js?v=1779149949840:0
[ 3067397ms] [ERROR] Failed to load resource: the server responded with a status of 404 (Not Found) @ http://localhost:3000/_next/static/chunks/app/layout.js:0
[ 3067397ms] [ERROR] Failed to load resource: the server responded with a status of 404 (Not Found) @ http://localhost:3000/_next/static/chunks/app-pages-internals.js:0
[ 3271839ms] [INFO] %cDownload the React DevTools for a better development experience: https://react.dev/link/react-devtools font-weight:bold @ webpack-internal:///(app-pages-browser)/./node_modules/next/dist/compiled/react-dom/cjs/react-dom-client.development.js:24650
[ 3272420ms] [LOG] [Fast Refresh] rebuilding @ webpack-internal:///(app-pages-browser)/./node_modules/next/dist/client/components/react-dev-overlay/app/hot-reloader-client.js:240
[ 3274885ms] [LOG] [Fast Refresh] done in 2466ms @ webpack-internal:///(app-pages-browser)/./node_modules/next/dist/client/components/react-dev-overlay/app/hot-reloader-client.js:67
[ 3275895ms] [LOG] [Fast Refresh] rebuilding @ webpack-internal:///(app-pages-browser)/./node_modules/next/dist/client/components/react-dev-overlay/app/hot-reloader-client.js:240
[ 3276192ms] [LOG] [Fast Refresh] done in 297ms @ webpack-internal:///(app-pages-browser)/./node_modules/next/dist/client/components/react-dev-overlay/app/hot-reloader-client.js:67
[ 3284147ms] [LOG] [Fast Refresh] rebuilding @ webpack-internal:///(app-pages-browser)/./node_modules/next/dist/client/components/react-dev-overlay/app/hot-reloader-client.js:240
[ 3285110ms] [LOG] [Fast Refresh] done in 962ms @ webpack-internal:///(app-pages-browser)/./node_modules/next/dist/client/components/react-dev-overlay/app/hot-reloader-client.js:67
