[     602ms] [INFO] %cDownload the React DevTools for a better development experience: https://react.dev/link/react-devtools font-weight:bold @ webpack-internal:///(app-pages-browser)/./node_modules/next/dist/compiled/react-dom/cjs/react-dom-client.development.js:24650
[    1085ms] [ERROR] Access to XMLHttpRequest at 'http://localhost:8000/catalog/facets' from origin 'http://localhost:3000' has been blocked by CORS policy: No 'Access-Control-Allow-Origin' header is present on the requested resource. @ http://localhost:3000/catalog/:0
[    1086ms] [ERROR] Failed to load resource: net::ERR_FAILED @ http://localhost:8000/catalog/facets:0
[    1111ms] [ERROR] Access to XMLHttpRequest at 'http://localhost:8000/catalog/facets' from origin 'http://localhost:3000' has been blocked by CORS policy: No 'Access-Control-Allow-Origin' header is present on the requested resource. @ http://localhost:3000/catalog/:0
[    1111ms] [ERROR] Failed to load resource: net::ERR_FAILED @ http://localhost:8000/catalog/facets:0
[   19522ms] [INFO] %cDownload the React DevTools for a better development experience: https://react.dev/link/react-devtools font-weight:bold @ webpack-internal:///(app-pages-browser)/./node_modules/next/dist/compiled/react-dom/cjs/react-dom-client.development.js:24650
[   19641ms] [ERROR] Access to XMLHttpRequest at 'http://localhost:8000/catalog/facets' from origin 'http://localhost:3000' has been blocked by CORS policy: No 'Access-Control-Allow-Origin' header is present on the requested resource. @ http://localhost:3000/catalog/:0
[   19642ms] [ERROR] Failed to load resource: net::ERR_FAILED @ http://localhost:8000/catalog/facets:0
[   19655ms] [ERROR] Access to XMLHttpRequest at 'http://localhost:8000/catalog/facets' from origin 'http://localhost:3000' has been blocked by CORS policy: No 'Access-Control-Allow-Origin' header is present on the requested resource. @ http://localhost:3000/catalog/:0
[   19655ms] [ERROR] Failed to load resource: net::ERR_FAILED @ http://localhost:8000/catalog/facets:0
[   72157ms] [INFO] %cDownload the React DevTools for a better development experience: https://react.dev/link/react-devtools font-weight:bold @ webpack-internal:///(app-pages-browser)/./node_modules/next/dist/compiled/react-dom/cjs/react-dom-client.development.js:24650
[   72289ms] [ERROR] Access to XMLHttpRequest at 'http://localhost:8000/catalog/facets' from origin 'http://localhost:3000' has been blocked by CORS policy: No 'Access-Control-Allow-Origin' header is present on the requested resource. @ http://localhost:3000/catalog/:0
[   72289ms] [ERROR] Failed to load resource: net::ERR_FAILED @ http://localhost:8000/catalog/facets:0
[   72302ms] [ERROR] Access to XMLHttpRequest at 'http://localhost:8000/catalog/facets' from origin 'http://localhost:3000' has been blocked by CORS policy: No 'Access-Control-Allow-Origin' header is present on the requested resource. @ http://localhost:3000/catalog/:0
[   72302ms] [ERROR] Failed to load resource: net::ERR_FAILED @ http://localhost:8000/catalog/facets:0
[   78468ms] [ERROR] Access to XMLHttpRequest at 'http://localhost:8000/catalog/facets?type=asset' from origin 'http://localhost:3000' has been blocked by CORS policy: No 'Access-Control-Allow-Origin' header is present on the requested resource. @ http://localhost:3000/catalog/?type=asset:0
[   78468ms] [ERROR] Failed to load resource: net::ERR_FAILED @ http://localhost:8000/catalog/facets?type=asset:0
[   87421ms] [ERROR] Access to XMLHttpRequest at 'http://localhost:8000/catalog/facets?type=glossary' from origin 'http://localhost:3000' has been blocked by CORS policy: No 'Access-Control-Allow-Origin' header is present on the requested resource. @ http://localhost:3000/catalog/?view=table&type=glossary:0
[   87421ms] [ERROR] Failed to load resource: net::ERR_FAILED @ http://localhost:8000/catalog/facets?type=glossary:0
[   89645ms] [ERROR] Access to XMLHttpRequest at 'http://localhost:8000/catalog/facets?type=data_product' from origin 'http://localhost:3000' has been blocked by CORS policy: No 'Access-Control-Allow-Origin' header is present on the requested resource. @ http://localhost:3000/catalog/?view=table&type=data_product:0
[   89645ms] [ERROR] Failed to load resource: net::ERR_FAILED @ http://localhost:8000/catalog/facets?type=data_product:0
[   91846ms] [ERROR] Access to XMLHttpRequest at 'http://localhost:8000/catalog/facets' from origin 'http://localhost:3000' has been blocked by CORS policy: No 'Access-Control-Allow-Origin' header is present on the requested resource. @ http://localhost:3000/catalog/?view=table&type=data_product:0
[   91846ms] [ERROR] Failed to load resource: net::ERR_FAILED @ http://localhost:8000/catalog/facets:0
[  672860ms] [INFO] %cDownload the React DevTools for a better development experience: https://react.dev/link/react-devtools font-weight:bold @ webpack-internal:///(app-pages-browser)/./node_modules/next/dist/compiled/react-dom/cjs/react-dom-client.development.js:24650
[  673057ms] [ERROR] Access to XMLHttpRequest at 'http://localhost:8000/catalog/facets' from origin 'http://localhost:3000' has been blocked by CORS policy: No 'Access-Control-Allow-Origin' header is present on the requested resource. @ http://localhost:3000/catalog/?q=Revenue&view=table:0
[  673057ms] [ERROR] Failed to load resource: net::ERR_FAILED @ http://localhost:8000/catalog/facets:0
[  675655ms] [ERROR] Access to XMLHttpRequest at 'http://localhost:8000/catalog/facets' from origin 'http://localhost:3000' has been blocked by CORS policy: No 'Access-Control-Allow-Origin' header is present on the requested resource. @ http://localhost:3000/catalog/?q=Revenue&view=table:0
[  675655ms] [ERROR] Failed to load resource: net::ERR_FAILED @ http://localhost:8000/catalog/facets:0
[ 1027449ms] [LOG] [Fast Refresh] rebuilding @ webpack-internal:///(app-pages-browser)/./node_modules/next/dist/client/components/react-dev-overlay/app/hot-reloader-client.js:240
[ 1028102ms] [LOG] [Fast Refresh] done in 654ms @ webpack-internal:///(app-pages-browser)/./node_modules/next/dist/client/components/react-dev-overlay/app/hot-reloader-client.js:67
[ 1028164ms] [LOG] [Fast Refresh] rebuilding @ webpack-internal:///(app-pages-browser)/./node_modules/next/dist/client/components/react-dev-overlay/app/hot-reloader-client.js:240
[ 1029397ms] [LOG] [Fast Refresh] done in 1233ms @ webpack-internal:///(app-pages-browser)/./node_modules/next/dist/client/components/react-dev-overlay/app/hot-reloader-client.js:67
[ 1037343ms] [LOG] [Fast Refresh] rebuilding @ webpack-internal:///(app-pages-browser)/./node_modules/next/dist/client/components/react-dev-overlay/app/hot-reloader-client.js:240
[ 1038220ms] [LOG] [Fast Refresh] done in 877ms @ webpack-internal:///(app-pages-browser)/./node_modules/next/dist/client/components/react-dev-overlay/app/hot-reloader-client.js:67
[ 1056706ms] [LOG] [Fast Refresh] rebuilding @ webpack-internal:///(app-pages-browser)/./node_modules/next/dist/client/components/react-dev-overlay/app/hot-reloader-client.js:240
[ 1057182ms] [LOG] [Fast Refresh] done in 476ms @ webpack-internal:///(app-pages-browser)/./node_modules/next/dist/client/components/react-dev-overlay/app/hot-reloader-client.js:67
[ 1135072ms] [ERROR] Failed to load resource: the server responded with a status of 404 (Not Found) @ http://localhost:8000/data-products/19ef8041-58a7-4d47-ad32-855836055fc0/quality:0
[ 1135666ms] [ERROR] Failed to load resource: the server responded with a status of 404 (Not Found) @ http://localhost:8000/data-products/19ef8041-58a7-4d47-ad32-855836055fc0/quality:0
[ 1263870ms] [LOG] [Fast Refresh] rebuilding @ webpack-internal:///(app-pages-browser)/./node_modules/next/dist/client/components/react-dev-overlay/app/hot-reloader-client.js:240
[ 1264984ms] [LOG] [Fast Refresh] done in 1114ms @ webpack-internal:///(app-pages-browser)/./node_modules/next/dist/client/components/react-dev-overlay/app/hot-reloader-client.js:67
[ 1267561ms] [LOG] [Fast Refresh] rebuilding @ webpack-internal:///(app-pages-browser)/./node_modules/next/dist/client/components/react-dev-overlay/app/hot-reloader-client.js:240
[ 1268231ms] [LOG] [Fast Refresh] done in 669ms @ webpack-internal:///(app-pages-browser)/./node_modules/next/dist/client/components/react-dev-overlay/app/hot-reloader-client.js:67
[ 1365890ms] [ERROR] Failed to load resource: the server responded with a status of 404 (Not Found) @ http://localhost:8000/data-products/417d94bb-fa90-41f3-ac32-b99deeb3d574/quality:0
[ 1367847ms] [ERROR] Failed to load resource: the server responded with a status of 404 (Not Found) @ http://localhost:8000/data-products/417d94bb-fa90-41f3-ac32-b99deeb3d574/quality:0
[ 1370596ms] [ERROR] Failed to load resource: the server responded with a status of 404 (Not Found) @ http://localhost:8000/data-products/0803c879-e096-4bc5-8ca7-3f9f8be99180/quality:0
[ 1371286ms] [ERROR] Failed to load resource: the server responded with a status of 404 (Not Found) @ http://localhost:8000/data-products/0803c879-e096-4bc5-8ca7-3f9f8be99180/quality:0
[ 2154672ms] [ERROR] Each child in a list should have a unique "key" prop.%s%s See https://react.dev/link/warning-keys for more information. 

Check the render method of `ScorecardsTab`.  @ webpack-internal:///(app-pages-browser)/./node_modules/next/dist/client/components/globals/intercept-console-error.js:50
[ 2183696ms] AxiosError: timeout of 30000ms exceeded
    at XMLHttpRequest.handleTimeout (webpack-internal:///(app-pages-browser)/./node_modules/axios/lib/adapters/xhr.js:155:11)
